Crashlog created at 2019-03-30 22:18:35 -0400

===== MESSAGE:

ArgumentError: Cannot link to nil (expected a string or an item, not a NilClass)

===== ITEM BEING COMPILED:

Current item: /blog.html (:default representation)

===== STACK TRACE:

  20. from /home/sydney/Sources/sydev.us1/.gems/ruby/2.5.0/gems/nanoc-4.10.2/lib/nanoc/base/services/compiler/phases/resume.rb:47:in `block in fiber_for'
  19. from /home/sydney/Sources/sydev.us1/.gems/ruby/2.5.0/gems/nanoc-4.10.2/lib/nanoc/base/services/compiler/phases/resume.rb:16:in `block in run'
  18. from /home/sydney/Sources/sydev.us1/.gems/ruby/2.5.0/gems/nanoc-4.10.2/lib/nanoc/base/services/compiler/phases/abstract.rb:23:in `block in call'
  17. from /home/sydney/Sources/sydev.us1/.gems/ruby/2.5.0/gems/nanoc-4.10.2/lib/nanoc/base/services/compiler/phases/abstract.rb:21:in `call'
  16. from /home/sydney/Sources/sydev.us1/.gems/ruby/2.5.0/gems/nanoc-4.10.2/lib/nanoc/base/services/compiler/phases/cache.rb:23:in `run'
  15. from /home/sydney/Sources/sydev.us1/.gems/ruby/2.5.0/gems/nanoc-4.10.2/lib/nanoc/base/services/compiler/phases/abstract.rb:23:in `block in call'
  14. from /home/sydney/Sources/sydev.us1/.gems/ruby/2.5.0/gems/nanoc-4.10.2/lib/nanoc/base/services/compiler/phases/abstract.rb:21:in `call'
  13. from /home/sydney/Sources/sydev.us1/.gems/ruby/2.5.0/gems/nanoc-4.10.2/lib/nanoc/base/services/compiler/phases/recalculate.rb:27:in `run'
  12. from /home/sydney/Sources/sydev.us1/.gems/ruby/2.5.0/gems/nanoc-4.10.2/lib/nanoc/base/entities/action_sequence.rb:54:in `each'
  11. from /home/sydney/Sources/sydev.us1/.gems/ruby/2.5.0/gems/nanoc-4.10.2/lib/nanoc/base/entities/action_sequence.rb:54:in `each'
  10. from /home/sydney/Sources/sydev.us1/.gems/ruby/2.5.0/gems/nanoc-4.10.2/lib/nanoc/base/entities/action_sequence.rb:54:in `block in each'
  9. from /home/sydney/Sources/sydev.us1/.gems/ruby/2.5.0/gems/nanoc-4.10.2/lib/nanoc/base/services/compiler/phases/recalculate.rb:30:in `block in run'
  8. from /home/sydney/Sources/sydev.us1/.gems/ruby/2.5.0/gems/nanoc-4.10.2/lib/nanoc/base/services/executor.rb:22:in `filter'
  7. from /home/sydney/Sources/sydev.us1/.gems/ruby/2.5.0/gems/nanoc-4.10.2/lib/nanoc/base/services/filter.rb:158:in `setup_and_run'
  6. from /home/sydney/Sources/sydev.us1/.gems/ruby/2.5.0/gems/nanoc-4.10.2/lib/nanoc/filters/erb.rb:36:in `run'
  5. from /usr/lib/ruby/2.5.0/erb.rb:876:in `result'
  4. from /usr/lib/ruby/2.5.0/erb.rb:876:in `eval'
  3. from item /blog.html (rep default):32:in `get_binding'
  2. from item /blog.html (rep default):32:in `each'
  1. from item /blog.html (rep default):35:in `block in get_binding'
  /home/sydney/Sources/sydev.us1/.gems/ruby/2.5.0/gems/nanoc-4.10.2/lib/nanoc/helpers/link_to.rb:25:in `link_to'

===== VERSION INFORMATION:

Nanoc 4.10.2 © 2007-2018 Denis Defreyne.
Running ruby 2.5.3 (2018-10-18) on x86_64-linux-gnu with RubyGems 2.7.6.

===== SYSTEM INFORMATION:

Linux sydneyarchlapdeskthing 4.19.0-4-amd64 #1 SMP Debian 4.19.28-2 (2019-03-15) x86_64 GNU/Linux

===== INSTALLED GEMS:

  addressable 2.5.2
  adsf 1.4.1
  builder 3.2.3
  bundler 1.17.3
  colored 1.2
  concurrent-ruby 1.0.5
  cri 2.15.2
  ddmemoize 1.0.0
  ddmetrics 1.0.1
  ddplugin 1.0.2
  hamster 3.0.0
  json_schema 0.19.1
  kramdown 1.17.0
  nanoc 4.10.2
  parallel 1.12.1
  public_suffix 3.0.3
  rack 2.0.5
  rake 12.3.1
  ref 2.0.0
  slow_enumerator_tools 1.1.0
  tomlrb 1.2.7

===== GEMFILE.LOCK:

GEM
  remote: https://rubygems.org/
  specs:
    addressable (2.5.2)
      public_suffix (>= 2.0.2, < 4.0)
    adsf (1.4.1)
      rack (>= 1.0.0, < 3.0.0)
    builder (3.2.3)
    colored (1.2)
    concurrent-ruby (1.0.5)
    cri (2.15.2)
      colored (~> 1.2)
    ddmemoize (1.0.0)
      ddmetrics (~> 1.0)
      ref (~> 2.0)
    ddmetrics (1.0.1)
    ddplugin (1.0.2)
    hamster (3.0.0)
      concurrent-ruby (~> 1.0)
    json_schema (0.19.1)
    kramdown (1.17.0)
    nanoc (4.10.2)
      addressable (~> 2.5)
      cri (~> 2.15)
      ddmemoize (~> 1.0)
      ddmetrics (~> 1.0)
      ddplugin (~> 1.0)
      hamster (~> 3.0)
      json_schema (~> 0.19)
      parallel (~> 1.12)
      ref (~> 2.0)
      slow_enumerator_tools (~> 1.0)
      tomlrb (~> 1.2)
    parallel (1.12.1)
    public_suffix (3.0.3)
    rack (2.0.5)
    rake (12.3.1)
    ref (2.0.0)
    slow_enumerator_tools (1.1.0)
    tomlrb (1.2.7)

PLATFORMS
  ruby

DEPENDENCIES
  adsf
  builder
  kramdown
  nanoc
  rake

BUNDLED WITH
   1.17.3

===== LOAD PATHS:

  0. /home/sydney/Sources/sydev.us1/.gems/ruby/2.5.0/gems/ref-2.0.0/lib
  1. /usr/share/rubygems-integration/all/gems/bundler-1.17.3/lib
  2. /home/sydney/Sources/sydev.us1/.gems/ruby/2.5.0/gems/nanoc-4.10.2/lib
  3. /home/sydney/Sources/sydev.us1/.gems/ruby/2.5.0/gems/tomlrb-1.2.7/lib
  4. /home/sydney/Sources/sydev.us1/.gems/ruby/2.5.0/gems/slow_enumerator_tools-1.1.0/lib
  5. /home/sydney/Sources/sydev.us1/.gems/ruby/2.5.0/gems/parallel-1.12.1/lib
  6. /home/sydney/Sources/sydev.us1/.gems/ruby/2.5.0/gems/kramdown-1.17.0/lib
  7. /home/sydney/Sources/sydev.us1/.gems/ruby/2.5.0/gems/json_schema-0.19.1/lib
  8. /home/sydney/Sources/sydev.us1/.gems/ruby/2.5.0/gems/hamster-3.0.0/lib
  9. /home/sydney/Sources/sydev.us1/.gems/ruby/2.5.0/gems/ddplugin-1.0.2/lib
  10. /home/sydney/Sources/sydev.us1/.gems/ruby/2.5.0/gems/ddmemoize-1.0.0/lib
  11. /home/sydney/Sources/sydev.us1/.gems/ruby/2.5.0/gems/ref-2.0.0/lib
  12. /home/sydney/Sources/sydev.us1/.gems/ruby/2.5.0/gems/ddmetrics-1.0.1/lib
  13. /home/sydney/Sources/sydev.us1/.gems/ruby/2.5.0/gems/cri-2.15.2/lib
  14. /home/sydney/Sources/sydev.us1/.gems/ruby/2.5.0/gems/concurrent-ruby-1.0.5/lib
  15. /home/sydney/Sources/sydev.us1/.gems/ruby/2.5.0/gems/colored-1.2/lib
  16. /usr/share/rubygems-integration/all/gems/bundler-1.17.3/lib/gems/bundler-1.17.3/lib
  17. /home/sydney/Sources/sydev.us1/.gems/ruby/2.5.0/gems/builder-3.2.3/lib
  18. /home/sydney/Sources/sydev.us1/.gems/ruby/2.5.0/gems/adsf-1.4.1/lib
  19. /home/sydney/Sources/sydev.us1/.gems/ruby/2.5.0/gems/rack-2.0.5/lib
  20. /home/sydney/Sources/sydev.us1/.gems/ruby/2.5.0/gems/addressable-2.5.2/lib
  21. /home/sydney/Sources/sydev.us1/.gems/ruby/2.5.0/gems/public_suffix-3.0.3/lib
  22. /home/sydney/Sources/sydev.us1/.gems/ruby/2.5.0/gems/rake-12.3.1/lib
  23. /usr/local/lib/site_ruby/2.5.0
  24. /usr/local/lib/x86_64-linux-gnu/site_ruby
  25. /usr/local/lib/site_ruby
  26. /usr/lib/ruby/vendor_ruby/2.5.0
  27. /usr/lib/x86_64-linux-gnu/ruby/vendor_ruby/2.5.0
  28. /usr/lib/ruby/vendor_ruby
  29. /usr/lib/ruby/2.5.0
  30. /usr/lib/x86_64-linux-gnu/ruby/2.5.0
